::1 - - [12/May/2021:16:21:24 +0000] "GET /api/v1/actors HTTP/1.1" 200 947 "-" "PostmanRuntime/7.28.0"
::1 - - [12/May/2021:16:21:43 +0000] "GET /api/v1/actors HTTP/1.1" 500 40 "-" "PostmanRuntime/7.28.0"
::1 - - [12/May/2021:16:22:24 +0000] "GET /api/v1/actors HTTP/1.1" 500 40 "-" "PostmanRuntime/7.28.0"
::1 - - [12/May/2021:21:10:05 +0000] "GET /api/v1/actors HTTP/1.1" 500 40 "-" "PostmanRuntime/7.28.0"
::1 - - [12/May/2021:21:10:22 +0000] "GET /api/v1/actors HTTP/1.1" 200 947 "-" "PostmanRuntime/7.28.0"
::1 - - [12/May/2021:21:32:45 +0000] "GET /api/v1/actors/1 HTTP/1.1" 200 945 "-" "PostmanRuntime/7.28.0"
::1 - - [12/May/2021:21:34:17 +0000] "POST /api/v1/actors HTTP/1.1" 200 616 "-" "PostmanRuntime/7.28.0"
::1 - - [12/May/2021:21:34:23 +0000] "GET /api/v1/actors HTTP/1.1" 200 1564 "-" "PostmanRuntime/7.28.0"
::1 - - [12/May/2021:21:36:46 +0000] "PUT /api/v1/actors/2 HTTP/1.1" 200 3 "-" "PostmanRuntime/7.28.0"
::1 - - [12/May/2021:21:36:50 +0000] "GET /api/v1/actors/1 HTTP/1.1" 200 945 "-" "PostmanRuntime/7.28.0"
::1 - - [12/May/2021:21:36:54 +0000] "GET /api/v1/actors HTTP/1.1" 200 1564 "-" "PostmanRuntime/7.28.0"
::1 - - [12/May/2021:21:36:58 +0000] "GET /api/v1/actors HTTP/1.1" 200 1564 "-" "PostmanRuntime/7.28.0"
::1 - - [12/May/2021:21:37:06 +0000] "PUT /api/v1/actors/3 HTTP/1.1" 200 3 "-" "PostmanRuntime/7.28.0"
::1 - - [12/May/2021:21:37:09 +0000] "GET /api/v1/actors HTTP/1.1" 200 1564 "-" "PostmanRuntime/7.28.0"
::1 - - [12/May/2021:21:39:38 +0000] "DELETE /api/v1/actors/2 HTTP/1.1" 200 1 "-" "PostmanRuntime/7.28.0"
::1 - - [12/May/2021:21:39:58 +0000] "DELETE /api/v1/actors/3 HTTP/1.1" 200 1 "-" "PostmanRuntime/7.28.0"
::1 - - [12/May/2021:21:52:27 +0000] "GET / HTTP/1.1" 200 18 "-" "Mozilla/5.0 (Macintosh; Intel Mac OS X 10_15_6) AppleWebKit/605.1.15 (KHTML, like Gecko) Version/14.0.3 Safari/605.1.15"
::1 - - [12/May/2021:21:52:27 +0000] "GET /apple-touch-icon-precomposed.png HTTP/1.1" 404 171 "-" "Safari/16610.4.3.1.7 CFNetwork/1220.1 Darwin/20.3.0"
::1 - - [12/May/2021:21:52:27 +0000] "GET /apple-touch-icon.png HTTP/1.1" 404 159 "-" "Safari/16610.4.3.1.7 CFNetwork/1220.1 Darwin/20.3.0"
::1 - - [12/May/2021:21:52:31 +0000] "GET / HTTP/1.1" 304 - "-" "Mozilla/5.0 (Macintosh; Intel Mac OS X 10_15_6) AppleWebKit/605.1.15 (KHTML, like Gecko) Version/14.0.3 Safari/605.1.15"
::1 - - [12/May/2021:21:53:31 +0000] "GET /actors HTTP/1.1" 404 145 "http://localhost:8000/api-docs/" "Mozilla/5.0 (Macintosh; Intel Mac OS X 10_15_6) AppleWebKit/605.1.15 (KHTML, like Gecko) Version/14.0.3 Safari/605.1.15"
::1 - - [12/May/2021:21:54:42 +0000] "GET /api/v1/actors HTTP/1.1" 200 947 "http://localhost:8000/api-docs/" "Mozilla/5.0 (Macintosh; Intel Mac OS X 10_15_6) AppleWebKit/605.1.15 (KHTML, like Gecko) Version/14.0.3 Safari/605.1.15"
::1 - - [12/May/2021:21:55:19 +0000] "POST /api/v1/actors HTTP/1.1" 200 616 "http://localhost:8000/api-docs/" "Mozilla/5.0 (Macintosh; Intel Mac OS X 10_15_6) AppleWebKit/605.1.15 (KHTML, like Gecko) Version/14.0.3 Safari/605.1.15"
::1 - - [12/May/2021:21:59:45 +0000] "GET /api/v1/actors/1 HTTP/1.1" 200 945 "http://localhost:8000/api-docs/" "Mozilla/5.0 (Macintosh; Intel Mac OS X 10_15_6) AppleWebKit/605.1.15 (KHTML, like Gecko) Version/14.0.3 Safari/605.1.15"
::1 - - [12/May/2021:22:00:18 +0000] "GET /api/v1/actors HTTP/1.1" 200 1564 "http://localhost:8000/api-docs/" "Mozilla/5.0 (Macintosh; Intel Mac OS X 10_15_6) AppleWebKit/605.1.15 (KHTML, like Gecko) Version/14.0.3 Safari/605.1.15"
::1 - - [12/May/2021:22:01:04 +0000] "GET /api/v1/actors HTTP/1.1" 304 - "http://localhost:8000/api-docs/" "Mozilla/5.0 (Macintosh; Intel Mac OS X 10_15_6) AppleWebKit/605.1.15 (KHTML, like Gecko) Version/14.0.3 Safari/605.1.15"
::1 - - [12/May/2021:22:02:04 +0000] "PUT /api/v1/actors/4 HTTP/1.1" 200 3 "http://localhost:8000/api-docs/" "Mozilla/5.0 (Macintosh; Intel Mac OS X 10_15_6) AppleWebKit/605.1.15 (KHTML, like Gecko) Version/14.0.3 Safari/605.1.15"
::1 - - [12/May/2021:22:02:14 +0000] "GET /api/v1/actors HTTP/1.1" 200 1564 "http://localhost:8000/api-docs/" "Mozilla/5.0 (Macintosh; Intel Mac OS X 10_15_6) AppleWebKit/605.1.15 (KHTML, like Gecko) Version/14.0.3 Safari/605.1.15"
::1 - - [12/May/2021:22:03:00 +0000] "GET /api/v1/directors HTTP/1.1" 200 2 "http://localhost:8000/api-docs/" "Mozilla/5.0 (Macintosh; Intel Mac OS X 10_15_6) AppleWebKit/605.1.15 (KHTML, like Gecko) Version/14.0.3 Safari/605.1.15"
::1 - - [12/May/2021:22:06:42 +0000] "POST /api/v1/directors HTTP/1.1" 200 677 "http://localhost:8000/api-docs/" "Mozilla/5.0 (Macintosh; Intel Mac OS X 10_15_6) AppleWebKit/605.1.15 (KHTML, like Gecko) Version/14.0.3 Safari/605.1.15"
::1 - - [12/May/2021:22:06:50 +0000] "GET /api/v1/directors HTTP/1.1" 200 679 "http://localhost:8000/api-docs/" "Mozilla/5.0 (Macintosh; Intel Mac OS X 10_15_6) AppleWebKit/605.1.15 (KHTML, like Gecko) Version/14.0.3 Safari/605.1.15"
::1 - - [12/May/2021:22:07:26 +0000] "GET /api/v1/directors/1 HTTP/1.1" 200 677 "http://localhost:8000/api-docs/" "Mozilla/5.0 (Macintosh; Intel Mac OS X 10_15_6) AppleWebKit/605.1.15 (KHTML, like Gecko) Version/14.0.3 Safari/605.1.15"
::1 - - [12/May/2021:22:08:02 +0000] "GET /api/v1/directors HTTP/1.1" 304 - "http://localhost:8000/api-docs/" "Mozilla/5.0 (Macintosh; Intel Mac OS X 10_15_6) AppleWebKit/605.1.15 (KHTML, like Gecko) Version/14.0.3 Safari/605.1.15"
::1 - - [12/May/2021:22:08:50 +0000] "PUT /api/v1/directors/1 HTTP/1.1" 500 40 "http://localhost:8000/api-docs/" "Mozilla/5.0 (Macintosh; Intel Mac OS X 10_15_6) AppleWebKit/605.1.15 (KHTML, like Gecko) Version/14.0.3 Safari/605.1.15"
::1 - - [12/May/2021:22:08:51 +0000] "PUT /api/v1/directors/1 HTTP/1.1" 500 40 "http://localhost:8000/api-docs/" "Mozilla/5.0 (Macintosh; Intel Mac OS X 10_15_6) AppleWebKit/605.1.15 (KHTML, like Gecko) Version/14.0.3 Safari/605.1.15"
::1 - - [12/May/2021:22:10:10 +0000] "PUT /api/v1/directors/1 HTTP/1.1" 200 3 "http://localhost:8000/api-docs/" "Mozilla/5.0 (Macintosh; Intel Mac OS X 10_15_6) AppleWebKit/605.1.15 (KHTML, like Gecko) Version/14.0.3 Safari/605.1.15"
::1 - - [12/May/2021:22:10:16 +0000] "GET /api/v1/directors HTTP/1.1" 200 722 "http://localhost:8000/api-docs/" "Mozilla/5.0 (Macintosh; Intel Mac OS X 10_15_6) AppleWebKit/605.1.15 (KHTML, like Gecko) Version/14.0.3 Safari/605.1.15"
::1 - - [12/May/2021:22:15:22 +0000] "GET / HTTP/1.1" 304 - "-" "Mozilla/5.0 (Macintosh; Intel Mac OS X 10_15_6) AppleWebKit/605.1.15 (KHTML, like Gecko) Version/14.0.3 Safari/605.1.15"
::1 - - [12/May/2021:22:15:26 +0000] "GET / HTTP/1.1" 304 - "-" "Mozilla/5.0 (Macintosh; Intel Mac OS X 10_15_6) AppleWebKit/605.1.15 (KHTML, like Gecko) Version/14.0.3 Safari/605.1.15"
::1 - - [12/May/2021:22:15:32 +0000] "GET /api/v1/actors HTTP/1.1" 304 - "http://localhost:8000/api-docs/" "Mozilla/5.0 (Macintosh; Intel Mac OS X 10_15_6) AppleWebKit/605.1.15 (KHTML, like Gecko) Version/14.0.3 Safari/605.1.15"
::1 - - [12/May/2021:22:15:58 +0000] "DELETE /api/v1/actors/1 HTTP/1.1" 200 1 "http://localhost:8000/api-docs/" "Mozilla/5.0 (Macintosh; Intel Mac OS X 10_15_6) AppleWebKit/605.1.15 (KHTML, like Gecko) Version/14.0.3 Safari/605.1.15"
::1 - - [12/May/2021:22:16:00 +0000] "DELETE /api/v1/actors/1 HTTP/1.1" 200 1 "http://localhost:8000/api-docs/" "Mozilla/5.0 (Macintosh; Intel Mac OS X 10_15_6) AppleWebKit/605.1.15 (KHTML, like Gecko) Version/14.0.3 Safari/605.1.15"
::1 - - [12/May/2021:22:16:04 +0000] "DELETE /api/v1/actors/4 HTTP/1.1" 200 1 "http://localhost:8000/api-docs/" "Mozilla/5.0 (Macintosh; Intel Mac OS X 10_15_6) AppleWebKit/605.1.15 (KHTML, like Gecko) Version/14.0.3 Safari/605.1.15"
::1 - - [12/May/2021:22:16:09 +0000] "GET /api/v1/actors HTTP/1.1" 200 2 "http://localhost:8000/api-docs/" "Mozilla/5.0 (Macintosh; Intel Mac OS X 10_15_6) AppleWebKit/605.1.15 (KHTML, like Gecko) Version/14.0.3 Safari/605.1.15"
::1 - - [12/May/2021:22:16:16 +0000] "GET /api/v1/directors HTTP/1.1" 304 - "http://localhost:8000/api-docs/" "Mozilla/5.0 (Macintosh; Intel Mac OS X 10_15_6) AppleWebKit/605.1.15 (KHTML, like Gecko) Version/14.0.3 Safari/605.1.15"
::1 - - [12/May/2021:22:16:23 +0000] "DELETE /api/v1/directors/1 HTTP/1.1" 200 1 "http://localhost:8000/api-docs/" "Mozilla/5.0 (Macintosh; Intel Mac OS X 10_15_6) AppleWebKit/605.1.15 (KHTML, like Gecko) Version/14.0.3 Safari/605.1.15"
::1 - - [12/May/2021:22:16:24 +0000] "DELETE /api/v1/directors/1 HTTP/1.1" 200 1 "http://localhost:8000/api-docs/" "Mozilla/5.0 (Macintosh; Intel Mac OS X 10_15_6) AppleWebKit/605.1.15 (KHTML, like Gecko) Version/14.0.3 Safari/605.1.15"
::1 - - [12/May/2021:22:16:30 +0000] "GET /api/v1/directors HTTP/1.1" 200 2 "http://localhost:8000/api-docs/" "Mozilla/5.0 (Macintosh; Intel Mac OS X 10_15_6) AppleWebKit/605.1.15 (KHTML, like Gecko) Version/14.0.3 Safari/605.1.15"
